#
# A fatal error has been detected by the Java Runtime Environment:
#
#  EXCEPTION_ACCESS_VIOLATION (0xc0000005) at pc=0x00007ff98d8b0d5d, pid=12920, tid=15416
#
# JRE version: Java(TM) SE Runtime Environment 18.9 (11.0.11+9) (build 11.0.11+9-LTS-194)
# Java VM: Java HotSpot(TM) 64-Bit Server VM 18.9 (11.0.11+9-LTS-194, mixed mode, tiered, compressed oops, g1 gc, windows-amd64)
# Problematic frame:
# V  [jvm.dll+0x2d0d5d]
#
# No core dump will be written. Minidumps are not enabled by default on client versions of Windows
#
# If you would like to submit a bug report, please visit:
#   https://bugreport.java.com/bugreport/crash.jsp
#

---------------  S U M M A R Y ------------

Command Line: -Dallure.results.directory=E:\Cursos\DiplomadoTesting-Bolivia\AUTOMATIZACION-II-MOBILE- REST-API-VULNERABILITY-v3\OwaspZap\Project-OWASP_ZAP\build\allure-results -Dorg.gradle.internal.worker.tmpdir=E:\Cursos\DiplomadoTesting-Bolivia\AUTOMATIZACION-II-MOBILE- REST-API-VULNERABILITY-v3\OwaspZap\Project-OWASP_ZAP\build\tmp\test\work -Dorg.gradle.native=false -javaagent:C:\Users\jddio\.gradle\caches\modules-2\files-2.1\org.aspectj\aspectjweaver\1.8.10\e198c5fee28988c355f74e06461614eae36b2032\aspectjweaver-1.8.10.jar -Xmx512m -Dfile.encoding=windows-1252 -Duser.country=PE -Duser.language=es -Duser.variant -ea worker.org.gradle.process.internal.worker.GradleWorkerMain 'Gradle Test Executor 4'

Host: Intel(R) Core(TM) i5-4210U CPU @ 1.70GHz, 4 cores, 11G,  Windows 10 , 64 bit Build 19041 (10.0.19041.1889)
Time: Sat Oct 22 20:54:47 2022 Hora est. Pacífico, Sudamérica elapsed time: 21.843901 seconds (0d 0h 0m 21s)

---------------  T H R E A D  ---------------

Current thread (0x0000019540ba9000):  GCTaskThread "GC Thread#2" [stack: 0x0000003857700000,0x0000003857800000] [id=15416]

Stack: [0x0000003857700000,0x0000003857800000],  sp=0x00000038577ff6d0,  free space=1021k
Native frames: (J=compiled Java code, j=interpreted, Vv=VM code, C=native code)
V  [jvm.dll+0x2d0d5d]
V  [jvm.dll+0x2d0be6]
V  [jvm.dll+0x2d0903]
V  [jvm.dll+0x2d2c2e]
V  [jvm.dll+0x2f7a88]
V  [jvm.dll+0x305c2e]
V  [jvm.dll+0x30463e]
V  [jvm.dll+0x2abfd0]
V  [jvm.dll+0x2abef1]
V  [jvm.dll+0x2d6f65]
V  [jvm.dll+0x304cd6]
V  [jvm.dll+0x2d94e9]
V  [jvm.dll+0x77a9d0]
V  [jvm.dll+0x70dfc4]
V  [jvm.dll+0x6160f6]
C  [ucrtbase.dll+0x21bb2]
C  [KERNEL32.DLL+0x17034]
C  [ntdll.dll+0x526a1]


siginfo: EXCEPTION_ACCESS_VIOLATION (0xc0000005), reading address 0xffffffffffffffff


Register to memory mapping:

RIP=0x00007ff98d8b0d5d jvm.dll
RAX=0x000001952467d100 points into unknown readable memory: 69 6f 6e 20 73 69 7a 65
RBX=0x000001954182e0f0 points into unknown readable memory: 48 4c e3 8d f9 7f 00 00
RCX=0x0000000000000014 is an unknown value
RDX=0x657a6973206e6f69 is an unknown value
RSP=0x00000038577ff6d0 points into unknown readable memory: 02 00 00 00 00 00 00 00
RBP=0x000001954182e260 points into unknown readable memory: 00 4c e3 8d f9 7f 00 00
RSI=0x000001954182e260 points into unknown readable memory: 00 4c e3 8d f9 7f 00 00
RDI=0x00000000e2bc1b00 is pointing into object: [Lio.netty.buffer.PoolSubpage; 
{0x00000000e2bc1708} - klass: 'io/netty/buffer/PoolSubpage'[]
 - length: 512
R8 =0x00000000e2bc1b00 is pointing into object: [Lio.netty.buffer.PoolSubpage; 
{0x00000000e2bc1708} - klass: 'io/netty/buffer/PoolSubpage'[]
 - length: 512
R9 =0x0 is NULL
R10=0x000000000000000c is an unknown value
R11=0x0000000000000001 is an unknown value
R12=0x0 is NULL
R13=0x00000038577ffa18 points into unknown readable memory: e0 55 e3 8d f9 7f 00 00
R14=0x00000000e2bc1bc8 is pointing into object: [Lio.netty.buffer.PoolSubpage; 
{0x00000000e2bc1708} - klass: 'io/netty/buffer/PoolSubpage'[]
 - length: 512
R15=0x00000000000000fa is an unknown value


Registers:
RAX=0x000001952467d100, RBX=0x000001954182e0f0, RCX=0x0000000000000014, RDX=0x657a6973206e6f69
RSP=0x00000038577ff6d0, RBP=0x000001954182e260, RSI=0x000001954182e260, RDI=0x00000000e2bc1b00
R8 =0x00000000e2bc1b00, R9 =0x0000000000000000, R10=0x000000000000000c, R11=0x0000000000000001
R12=0x0000000000000000, R13=0x00000038577ffa18, R14=0x00000000e2bc1bc8, R15=0x00000000000000fa
RIP=0x00007ff98d8b0d5d, EFLAGS=0x0000000000010246

Top of Stack: (sp=0x00000038577ff6d0)
0x00000038577ff6d0:   0000000000000002 00000000e2bc0905
0x00000038577ff6e0:   00000000e2bc2068 00007ff98d8d85af
0x00000038577ff6f0:   00000000e7170b7a 00007ff98d8b0be6
0x00000038577ff700:   000001954182e0f0 0000000000000032
0x00000038577ff710:   000000000000000d 00000000e716fb20
0x00000038577ff720:   000000000000012c 00007ff98d8b0903
0x00000038577ff730:   00000000e7170b7a 000001954182e260
0x00000038577ff740:   000001954182e0f0 000000000000012c
0x00000038577ff750:   000000000000012c 0000000000020000
0x00000038577ff760:   00000000e2bc1708 00007ff98d8b2c2e
0x00000038577ff770:   000001954182e0f0 00000000e7170b7a
0x00000038577ff780:   0000019524681c80 00000038577ffa18
0x00000038577ff790:   0000019524681c80 0000000000000100
0x00000038577ff7a0:   00000000e7170b7a 00007ff98d8d7a88
0x00000038577ff7b0:   000001954182e0f0 0000019524681d00
0x00000038577ff7c0:   0000000000000040 00000000e2bc206c 

Instructions: (pc=0x00007ff98d8b0d5d)
0x00007ff98d8b0d3d:   8b d9 d1 e8 a8 01 75 6b 48 8b 41 08 8b 88 c0 02
0x00007ff98d8b0d4d:   00 00 48 8b 80 b0 02 00 00 49 d3 e9 4a 8b 14 c8
0x00007ff98d8b0d5d:   48 8b 82 f8 00 00 00 83 b8 18 01 00 00 00 74 43
0x00007ff98d8b0d6d:   48 8b 4b 50 48 89 7c 24 30 49 c1 e8 09 48 8b 79 


Stack slot to memory mapping:
stack at sp + 0 slots: 0x0000000000000002 is an unknown value
stack at sp + 1 slots: 0x00000000e2bc0905 is pointing into object: [Lio.netty.buffer.LongPriorityQueue; 
{0x00000000e2bc0878} - klass: 'io/netty/buffer/LongPriorityQueue'[]
 - length: 32
stack at sp + 2 slots: 0x00000000e2bc2068 is pointing into object: io.netty.buffer.PoolSubpage 
{0x00000000e2bc2038} - klass: 'io/netty/buffer/PoolSubpage'
stack at sp + 3 slots: 0x00007ff98d8d85af jvm.dll
stack at sp + 4 slots: 0x00000000e7170b7a is pointing into object: [Lio.netty.buffer.PoolSubpage; 
{0x00000000e7170b78} - klass: 'io/netty/buffer/PoolSubpage'[]
 - length: 512
stack at sp + 5 slots: 0x00007ff98d8b0be6 jvm.dll
stack at sp + 6 slots: 0x000001954182e0f0 points into unknown readable memory: 48 4c e3 8d f9 7f 00 00
stack at sp + 7 slots: 0x0000000000000032 is an unknown value


---------------  P R O C E S S  ---------------

Threads class SMR info:
_java_thread_list=0x0000019545ad3980, length=21, elements={
0x000001952466c800, 0x000001953fae7800, 0x000001953fb16800, 0x000001953fb82800,
0x000001953fb83800, 0x000001953fb34800, 0x000001953fb38800, 0x000001953fb3d800,
0x000001953f2a2000, 0x0000019540b26000, 0x0000019541d94800, 0x000001953fce8000,
0x0000019541186800, 0x00000195466ca800, 0x0000019546570800, 0x0000019543301000,
0x0000019545c4d800, 0x0000019545c51000, 0x0000019545c4c000, 0x0000019545c51800,
0x00000195424cf800
}

Java Threads: ( => current thread )
  0x000001952466c800 JavaThread "Test worker" [_thread_blocked, id=4848, stack(0x0000003856500000,0x0000003856600000)]
  0x000001953fae7800 JavaThread "Reference Handler" daemon [_thread_blocked, id=13452, stack(0x0000003856b00000,0x0000003856c00000)]
  0x000001953fb16800 JavaThread "Finalizer" daemon [_thread_blocked, id=16156, stack(0x0000003856c00000,0x0000003856d00000)]
  0x000001953fb82800 JavaThread "Signal Dispatcher" daemon [_thread_blocked, id=15844, stack(0x0000003856d00000,0x0000003856e00000)]
  0x000001953fb83800 JavaThread "Attach Listener" daemon [_thread_blocked, id=4548, stack(0x0000003856e00000,0x0000003856f00000)]
  0x000001953fb34800 JavaThread "C2 CompilerThread0" daemon [_thread_blocked, id=15052, stack(0x0000003856f00000,0x0000003857000000)]
  0x000001953fb38800 JavaThread "C1 CompilerThread0" daemon [_thread_blocked, id=10532, stack(0x0000003857000000,0x0000003857100000)]
  0x000001953fb3d800 JavaThread "Sweeper thread" daemon [_thread_blocked, id=14436, stack(0x0000003857100000,0x0000003857200000)]
  0x000001953f2a2000 JavaThread "Common-Cleaner" daemon [_thread_blocked, id=13136, stack(0x0000003857200000,0x0000003857300000)]
  0x0000019540b26000 JavaThread "Service Thread" daemon [_thread_blocked, id=13728, stack(0x0000003857400000,0x0000003857500000)]
  0x0000019541d94800 JavaThread "/127.0.0.1:54467 to /127.0.0.1:54465 workers" [_thread_blocked, id=6496, stack(0x0000003857a00000,0x0000003857b00000)]
  0x000001953fce8000 JavaThread "/127.0.0.1:54467 to /127.0.0.1:54465 workers Thread 2" [_thread_blocked, id=11196, stack(0x0000003857300000,0x0000003857400000)]
  0x0000019541186800 JavaThread "/127.0.0.1:54467 to /127.0.0.1:54465 workers Thread 3" [_thread_in_native, id=12804, stack(0x0000003857b00000,0x0000003857c00000)]
  0x00000195466ca800 JavaThread "ForkJoinPool.commonPool-worker-3" daemon [_thread_blocked, id=14044, stack(0x0000003857d00000,0x0000003857e00000)]
  0x0000019546570800 JavaThread "AsyncHttpClient-1-1" daemon [_thread_blocked, id=13528, stack(0x0000003857e00000,0x0000003857f00000)]
  0x0000019543301000 JavaThread "UrlChecker-2" daemon [_thread_blocked, id=14508, stack(0x0000003858200000,0x0000003858300000)]
  0x0000019545c4d800 JavaThread "AsyncHttpClient-1-2" daemon [_thread_in_native, id=14796, stack(0x0000003858600000,0x0000003858700000)]
  0x0000019545c51000 JavaThread "AsyncHttpClient-1-3" daemon [_thread_in_native, id=10704, stack(0x0000003858700000,0x0000003858800000)]
  0x0000019545c4c000 JavaThread "AsyncHttpClient-1-4" daemon [_thread_in_native, id=13900, stack(0x0000003858800000,0x0000003858900000)]
  0x0000019545c51800 JavaThread "Keep-Alive-Timer" daemon [_thread_blocked, id=5400, stack(0x0000003858a00000,0x0000003858b00000)]
  0x00000195424cf800 JavaThread "C2 CompilerThread1" daemon [_thread_blocked, id=15856, stack(0x0000003857c00000,0x0000003857d00000)]

Other Threads:
  0x000001953fae4800 VMThread "VM Thread" [stack: 0x0000003856a00000,0x0000003856b00000] [id=16116]
  0x0000019540b37000 WatcherThread [stack: 0x0000003857500000,0x0000003857600000] [id=16264]
  0x0000019524681000 GCTaskThread "GC Thread#0" [stack: 0x0000003856400000,0x0000003856500000] [id=15972]
  0x0000019540e2d800 GCTaskThread "GC Thread#1" [stack: 0x0000003857600000,0x0000003857700000] [id=7112]
=>0x0000019540ba9000 GCTaskThread "GC Thread#2" [stack: 0x0000003857700000,0x0000003857800000] [id=15416]
  0x0000019540ba9800 GCTaskThread "GC Thread#3" [stack: 0x0000003857800000,0x0000003857900000] [id=12872]
  0x0000019524690800 ConcurrentGCThread "G1 Main Marker" [stack: 0x0000003856600000,0x0000003856700000] [id=14648]
  0x0000019524693800 ConcurrentGCThread "G1 Conc#0" [stack: 0x0000003856700000,0x0000003856800000] [id=14992]
  0x000001952232e800 ConcurrentGCThread "G1 Refine#0" [stack: 0x0000003856800000,0x0000003856900000] [id=5368]
  0x00000195246be000 ConcurrentGCThread "G1 Young RemSet Sampling" [stack: 0x0000003856900000,0x0000003856a00000] [id=4976]

Threads with active compile tasks:
C2 CompilerThread0  21953 4065       4       sun.net.www.protocol.jar.Handler::parseURL (212 bytes)
C2 CompilerThread1  21953 4070   !   4       java.lang.ref.ReferenceQueue::poll (28 bytes)

VM state:at safepoint (normal execution)

VM Mutex/Monitor currently owned by a thread:  ([mutex/lock_event])
[0x0000019524669660] Threads_lock - owner thread: 0x000001953fae4800
[0x00000195246682b0] Heap_lock - owner thread: 0x000001952466c800

Heap address: 0x00000000e0000000, size: 512 MB, Compressed Oops mode: 32-bit
Narrow klass base: 0x0000000000000000, Narrow klass shift: 3
Compressed class space size: 1073741824 Address: 0x0000000100000000

Heap:
 garbage-first heap   total 196608K, used 125063K [0x00000000e0000000, 0x0000000100000000)
  region size 1024K, 76 young (77824K), 6 survivors (6144K)
 Metaspace       used 44198K, capacity 45525K, committed 45644K, reserved 1089536K
  class space    used 5118K, capacity 5608K, committed 5708K, reserved 1048576K
Heap Regions: E=young(eden), S=young(survivor), O=old, HS=humongous(starts), HC=humongous(continues), CS=collection set, F=free, A=archive, TAMS=top-at-mark-start (previous, next)
|   0|0x00000000e0000000, 0x00000000e0100000, 0x00000000e0100000|100%| O|  |TAMS 0x00000000e0100000, 0x00000000e0000000| Untracked 
|   1|0x00000000e0100000, 0x00000000e0200000, 0x00000000e0200000|100%| O|  |TAMS 0x00000000e0200000, 0x00000000e0100000| Untracked 
|   2|0x00000000e0200000, 0x00000000e0300000, 0x00000000e0300000|100%| O|  |TAMS 0x00000000e0300000, 0x00000000e0200000| Untracked 
|   3|0x00000000e0300000, 0x00000000e0400000, 0x00000000e0400000|100%| O|  |TAMS 0x00000000e0400000, 0x00000000e0300000| Untracked 
|   4|0x00000000e0400000, 0x00000000e0500000, 0x00000000e0500000|100%| O|  |TAMS 0x00000000e0500000, 0x00000000e0400000| Untracked 
|   5|0x00000000e0500000, 0x00000000e0600000, 0x00000000e0600000|100%| O|  |TAMS 0x00000000e0600000, 0x00000000e0500000| Untracked 
|   6|0x00000000e0600000, 0x00000000e0700000, 0x00000000e0700000|100%| O|  |TAMS 0x00000000e0700000, 0x00000000e0600000| Untracked 
|   7|0x00000000e0700000, 0x00000000e0800000, 0x00000000e0800000|100%| O|  |TAMS 0x00000000e0800000, 0x00000000e0700000| Untracked 
|   8|0x00000000e0800000, 0x00000000e0900000, 0x00000000e0900000|100%| O|  |TAMS 0x00000000e0900000, 0x00000000e0800000| Untracked 
|   9|0x00000000e0900000, 0x00000000e0a00000, 0x00000000e0a00000|100%| O|  |TAMS 0x00000000e0a00000, 0x00000000e0900000| Untracked 
|  10|0x00000000e0a00000, 0x00000000e0b00000, 0x00000000e0b00000|100%| O|  |TAMS 0x00000000e0b00000, 0x00000000e0a00000| Untracked 
|  11|0x00000000e0b00000, 0x00000000e0c00000, 0x00000000e0c00000|100%| O|  |TAMS 0x00000000e0c00000, 0x00000000e0b00000| Untracked 
|  12|0x00000000e0c00000, 0x00000000e0d00000, 0x00000000e0d00000|100%| O|  |TAMS 0x00000000e0d00000, 0x00000000e0c00000| Untracked 
|  13|0x00000000e0d00000, 0x00000000e0e00000, 0x00000000e0e00000|100%| O|  |TAMS 0x00000000e0e00000, 0x00000000e0d00000| Untracked 
|  14|0x00000000e0e00000, 0x00000000e0f00000, 0x00000000e0f00000|100%| O|  |TAMS 0x00000000e0f00000, 0x00000000e0e00000| Untracked 
|  15|0x00000000e0f00000, 0x00000000e1000000, 0x00000000e1000000|100%| O|  |TAMS 0x00000000e1000000, 0x00000000e0f00000| Untracked 
|  16|0x00000000e1000000, 0x00000000e1100000, 0x00000000e1100000|100%| O|  |TAMS 0x00000000e1100000, 0x00000000e1000000| Untracked 
|  17|0x00000000e1100000, 0x00000000e1200000, 0x00000000e1200000|100%| O|  |TAMS 0x00000000e1200000, 0x00000000e1100000| Untracked 
|  18|0x00000000e1200000, 0x00000000e1300000, 0x00000000e1300000|100%| O|  |TAMS 0x00000000e1300000, 0x00000000e1200000| Untracked 
|  19|0x00000000e1300000, 0x00000000e1400000, 0x00000000e1400000|100%| O|  |TAMS 0x00000000e1400000, 0x00000000e1300000| Untracked 
|  20|0x00000000e1400000, 0x00000000e1500000, 0x00000000e1500000|100%| O|  |TAMS 0x00000000e1500000, 0x00000000e1400000| Untracked 
|  21|0x00000000e1500000, 0x00000000e1600000, 0x00000000e1600000|100%| O|  |TAMS 0x00000000e1600000, 0x00000000e1500000| Untracked 
|  22|0x00000000e1600000, 0x00000000e1700000, 0x00000000e1700000|100%| O|  |TAMS 0x00000000e1700000, 0x00000000e1600000| Untracked 
|  23|0x00000000e1700000, 0x00000000e1800000, 0x00000000e1800000|100%| O|  |TAMS 0x00000000e1800000, 0x00000000e1700000| Untracked 
|  24|0x00000000e1800000, 0x00000000e1900000, 0x00000000e1900000|100%| O|  |TAMS 0x00000000e1900000, 0x00000000e1800000| Untracked 
|  25|0x00000000e1900000, 0x00000000e1a00000, 0x00000000e1a00000|100%| O|  |TAMS 0x00000000e1a00000, 0x00000000e1900000| Untracked 
|  26|0x00000000e1a00000, 0x00000000e1b00000, 0x00000000e1b00000|100%| O|  |TAMS 0x00000000e1b00000, 0x00000000e1a00000| Untracked 
|  27|0x00000000e1b00000, 0x00000000e1c00000, 0x00000000e1c00000|100%| O|  |TAMS 0x00000000e1c00000, 0x00000000e1b00000| Untracked 
|  28|0x00000000e1c00000, 0x00000000e1d00000, 0x00000000e1d00000|100%| O|  |TAMS 0x00000000e1d00000, 0x00000000e1c00000| Untracked 
|  29|0x00000000e1d00000, 0x00000000e1e00000, 0x00000000e1e00000|100%| O|  |TAMS 0x00000000e1e00000, 0x00000000e1d00000| Untracked 
|  30|0x00000000e1e00000, 0x00000000e1f00000, 0x00000000e1f00000|100%| O|  |TAMS 0x00000000e1f00000, 0x00000000e1e00000| Untracked 
|  31|0x00000000e1f00000, 0x00000000e2000000, 0x00000000e2000000|100%| O|  |TAMS 0x00000000e2000000, 0x00000000e1f00000| Untracked 
|  32|0x00000000e2000000, 0x00000000e2100000, 0x00000000e2100000|100%| O|  |TAMS 0x00000000e2100000, 0x00000000e2000000| Untracked 
|  33|0x00000000e2100000, 0x00000000e2200000, 0x00000000e2200000|100%| O|  |TAMS 0x00000000e2200000, 0x00000000e2100000| Untracked 
|  34|0x00000000e2200000, 0x00000000e2300000, 0x00000000e2300000|100%| O|  |TAMS 0x00000000e2300000, 0x00000000e2200000| Untracked 
|  35|0x00000000e2300000, 0x00000000e2400000, 0x00000000e2400000|100%| O|  |TAMS 0x00000000e2400000, 0x00000000e2300000| Untracked 
|  36|0x00000000e2400000, 0x00000000e2500000, 0x00000000e2500000|100%| O|  |TAMS 0x00000000e2500000, 0x00000000e2400000| Untracked 
|  37|0x00000000e2500000, 0x00000000e2600000, 0x00000000e2600000|100%|HS|  |TAMS 0x00000000e2500000, 0x00000000e2500000| Complete 
|  38|0x00000000e2600000, 0x00000000e2700000, 0x00000000e2700000|100%|HC|  |TAMS 0x00000000e2600000, 0x00000000e2600000| Complete 
|  39|0x00000000e2700000, 0x00000000e2800000, 0x00000000e2800000|100%|HC|  |TAMS 0x00000000e2700000, 0x00000000e2700000| Complete 
|  40|0x00000000e2800000, 0x00000000e2900000, 0x00000000e2900000|100%|HC|  |TAMS 0x00000000e2800000, 0x00000000e2800000| Complete 
|  41|0x00000000e2900000, 0x00000000e2a00000, 0x00000000e2a00000|100%|HC|  |TAMS 0x00000000e2900000, 0x00000000e2900000| Complete 
|  42|0x00000000e2a00000, 0x00000000e2b00000, 0x00000000e2b00000|100%| O|  |TAMS 0x00000000e2a00000, 0x00000000e2a00000| Untracked 
|  43|0x00000000e2b00000, 0x00000000e2c00000, 0x00000000e2c00000|100%| O|  |TAMS 0x00000000e2b00000, 0x00000000e2b00000| Untracked 
|  44|0x00000000e2c00000, 0x00000000e2d00000, 0x00000000e2d00000|100%| O|  |TAMS 0x00000000e2c00000, 0x00000000e2c00000| Untracked 
|  45|0x00000000e2d00000, 0x00000000e2e00000, 0x00000000e2e00000|100%| O|  |TAMS 0x00000000e2d00000, 0x00000000e2d00000| Untracked 
|  46|0x00000000e2e00000, 0x00000000e2f00000, 0x00000000e2f00000|100%| O|  |TAMS 0x00000000e2e00000, 0x00000000e2e00000| Untracked 
|  47|0x00000000e2f00000, 0x00000000e3000000, 0x00000000e3000000|100%| O|  |TAMS 0x00000000e2f00000, 0x00000000e2f00000| Untracked 
|  48|0x00000000e3000000, 0x00000000e3100000, 0x00000000e3100000|100%| O|  |TAMS 0x00000000e3000000, 0x00000000e3000000| Untracked 
|  49|0x00000000e3100000, 0x00000000e3200000, 0x00000000e3200000|100%| O|  |TAMS 0x00000000e3100000, 0x00000000e3100000| Untracked 
|  50|0x00000000e3200000, 0x00000000e3300000, 0x00000000e3300000|100%| O|  |TAMS 0x00000000e3200000, 0x00000000e3200000| Untracked 
|  51|0x00000000e3300000, 0x00000000e3300000, 0x00000000e3400000|  0%| F|  |TAMS 0x00000000e3300000, 0x00000000e3300000| Untracked 
|  52|0x00000000e3400000, 0x00000000e3400000, 0x00000000e3500000|  0%| F|  |TAMS 0x00000000e3400000, 0x00000000e3400000| Untracked 
|  53|0x00000000e3500000, 0x00000000e3500000, 0x00000000e3600000|  0%| F|  |TAMS 0x00000000e3500000, 0x00000000e3500000| Untracked 
|  54|0x00000000e3600000, 0x00000000e3600000, 0x00000000e3700000|  0%| F|  |TAMS 0x00000000e3600000, 0x00000000e3600000| Untracked 
|  55|0x00000000e3700000, 0x00000000e3700000, 0x00000000e3800000|  0%| F|  |TAMS 0x00000000e3700000, 0x00000000e3700000| Untracked 
|  56|0x00000000e3800000, 0x00000000e3800000, 0x00000000e3900000|  0%| F|  |TAMS 0x00000000e3800000, 0x00000000e3800000| Untracked 
|  57|0x00000000e3900000, 0x00000000e3900000, 0x00000000e3a00000|  0%| F|  |TAMS 0x00000000e3900000, 0x00000000e3900000| Untracked 
|  58|0x00000000e3a00000, 0x00000000e3a00000, 0x00000000e3b00000|  0%| F|  |TAMS 0x00000000e3a00000, 0x00000000e3a00000| Untracked 
|  59|0x00000000e3b00000, 0x00000000e3b00000, 0x00000000e3c00000|  0%| F|  |TAMS 0x00000000e3b00000, 0x00000000e3b00000| Untracked 
|  60|0x00000000e3c00000, 0x00000000e3c00000, 0x00000000e3d00000|  0%| F|  |TAMS 0x00000000e3c00000, 0x00000000e3c00000| Untracked 
|  61|0x00000000e3d00000, 0x00000000e3d00000, 0x00000000e3e00000|  0%| F|  |TAMS 0x00000000e3d00000, 0x00000000e3d00000| Untracked 
|  62|0x00000000e3e00000, 0x00000000e3e00000, 0x00000000e3f00000|  0%| F|  |TAMS 0x00000000e3e00000, 0x00000000e3e00000| Untracked 
|  63|0x00000000e3f00000, 0x00000000e3f00000, 0x00000000e4000000|  0%| F|  |TAMS 0x00000000e3f00000, 0x00000000e3f00000| Untracked 
|  64|0x00000000e4000000, 0x00000000e4000000, 0x00000000e4100000|  0%| F|  |TAMS 0x00000000e4000000, 0x00000000e4000000| Untracked 
|  65|0x00000000e4100000, 0x00000000e4100000, 0x00000000e4200000|  0%| F|  |TAMS 0x00000000e4100000, 0x00000000e4100000| Untracked 
|  66|0x00000000e4200000, 0x00000000e4200000, 0x00000000e4300000|  0%| F|  |TAMS 0x00000000e4200000, 0x00000000e4200000| Untracked 
|  67|0x00000000e4300000, 0x00000000e4300000, 0x00000000e4400000|  0%| F|  |TAMS 0x00000000e4300000, 0x00000000e4300000| Untracked 
|  68|0x00000000e4400000, 0x00000000e4400000, 0x00000000e4500000|  0%| F|  |TAMS 0x00000000e4400000, 0x00000000e4400000| Untracked 
|  69|0x00000000e4500000, 0x00000000e4500000, 0x00000000e4600000|  0%| F|  |TAMS 0x00000000e4500000, 0x00000000e4500000| Untracked 
|  70|0x00000000e4600000, 0x00000000e4600000, 0x00000000e4700000|  0%| F|  |TAMS 0x00000000e4600000, 0x00000000e4600000| Untracked 
|  71|0x00000000e4700000, 0x00000000e4700000, 0x00000000e4800000|  0%| F|  |TAMS 0x00000000e4700000, 0x00000000e4700000| Untracked 
|  72|0x00000000e4800000, 0x00000000e4800000, 0x00000000e4900000|  0%| F|  |TAMS 0x00000000e4800000, 0x00000000e4800000| Untracked 
|  73|0x00000000e4900000, 0x00000000e4900000, 0x00000000e4a00000|  0%| F|  |TAMS 0x00000000e4900000, 0x00000000e4900000| Untracked 
|  74|0x00000000e4a00000, 0x00000000e4a00000, 0x00000000e4b00000|  0%| F|  |TAMS 0x00000000e4a00000, 0x00000000e4a00000| Untracked 
|  75|0x00000000e4b00000, 0x00000000e4b00000, 0x00000000e4c00000|  0%| F|  |TAMS 0x00000000e4b00000, 0x00000000e4b00000| Untracked 
|  76|0x00000000e4c00000, 0x00000000e4c00000, 0x00000000e4d00000|  0%| F|  |TAMS 0x00000000e4c00000, 0x00000000e4c00000| Untracked 
|  77|0x00000000e4d00000, 0x00000000e4d00000, 0x00000000e4e00000|  0%| F|  |TAMS 0x00000000e4d00000, 0x00000000e4d00000| Untracked 
|  78|0x00000000e4e00000, 0x00000000e4e00000, 0x00000000e4f00000|  0%| F|  |TAMS 0x00000000e4e00000, 0x00000000e4e00000| Untracked 
|  79|0x00000000e4f00000, 0x00000000e4f00000, 0x00000000e5000000|  0%| F|  |TAMS 0x00000000e4f00000, 0x00000000e4f00000| Untracked 
|  80|0x00000000e5000000, 0x00000000e5000000, 0x00000000e5100000|  0%| F|  |TAMS 0x00000000e5000000, 0x00000000e5000000| Untracked 
|  81|0x00000000e5100000, 0x00000000e5100000, 0x00000000e5200000|  0%| F|  |TAMS 0x00000000e5100000, 0x00000000e5100000| Untracked 
|  82|0x00000000e5200000, 0x00000000e5200000, 0x00000000e5300000|  0%| F|  |TAMS 0x00000000e5200000, 0x00000000e5200000| Untracked 
|  83|0x00000000e5300000, 0x00000000e5300000, 0x00000000e5400000|  0%| F|  |TAMS 0x00000000e5300000, 0x00000000e5300000| Untracked 
|  84|0x00000000e5400000, 0x00000000e5400000, 0x00000000e5500000|  0%| F|  |TAMS 0x00000000e5400000, 0x00000000e5400000| Untracked 
|  85|0x00000000e5500000, 0x00000000e5500000, 0x00000000e5600000|  0%| F|  |TAMS 0x00000000e5500000, 0x00000000e5500000| Untracked 
|  86|0x00000000e5600000, 0x00000000e5600000, 0x00000000e5700000|  0%| F|  |TAMS 0x00000000e5600000, 0x00000000e5600000| Untracked 
|  87|0x00000000e5700000, 0x00000000e5700000, 0x00000000e5800000|  0%| F|  |TAMS 0x00000000e5700000, 0x00000000e5700000| Untracked 
|  88|0x00000000e5800000, 0x00000000e5800000, 0x00000000e5900000|  0%| F|  |TAMS 0x00000000e5800000, 0x00000000e5800000| Untracked 
|  89|0x00000000e5900000, 0x00000000e5900000, 0x00000000e5a00000|  0%| F|  |TAMS 0x00000000e5900000, 0x00000000e5900000| Untracked 
|  90|0x00000000e5a00000, 0x00000000e5a00000, 0x00000000e5b00000|  0%| F|  |TAMS 0x00000000e5a00000, 0x00000000e5a00000| Untracked 
|  91|0x00000000e5b00000, 0x00000000e5b00000, 0x00000000e5c00000|  0%| F|  |TAMS 0x00000000e5b00000, 0x00000000e5b00000| Untracked 
|  92|0x00000000e5c00000, 0x00000000e5c00000, 0x00000000e5d00000|  0%| F|  |TAMS 0x00000000e5c00000, 0x00000000e5c00000| Untracked 
|  93|0x00000000e5d00000, 0x00000000e5d00000, 0x00000000e5e00000|  0%| F|  |TAMS 0x00000000e5d00000, 0x00000000e5d00000| Untracked 
|  94|0x00000000e5e00000, 0x00000000e5e00000, 0x00000000e5f00000|  0%| F|  |TAMS 0x00000000e5e00000, 0x00000000e5e00000| Untracked 
|  95|0x00000000e5f00000, 0x00000000e5f00000, 0x00000000e6000000|  0%| F|  |TAMS 0x00000000e5f00000, 0x00000000e5f00000| Untracked 
|  96|0x00000000e6000000, 0x00000000e6000000, 0x00000000e6100000|  0%| F|  |TAMS 0x00000000e6000000, 0x00000000e6000000| Untracked 
|  97|0x00000000e6100000, 0x00000000e6100000, 0x00000000e6200000|  0%| F|  |TAMS 0x00000000e6100000, 0x00000000e6100000| Untracked 
|  98|0x00000000e6200000, 0x00000000e6200000, 0x00000000e6300000|  0%| F|  |TAMS 0x00000000e6200000, 0x00000000e6200000| Untracked 
|  99|0x00000000e6300000, 0x00000000e6300000, 0x00000000e6400000|  0%| F|  |TAMS 0x00000000e6300000, 0x00000000e6300000| Untracked 
| 100|0x00000000e6400000, 0x00000000e6400000, 0x00000000e6500000|  0%| F|  |TAMS 0x00000000e6400000, 0x00000000e6400000| Untracked 
| 101|0x00000000e6500000, 0x00000000e6500000, 0x00000000e6600000|  0%| F|  |TAMS 0x00000000e6500000, 0x00000000e6500000| Untracked 
| 102|0x00000000e6600000, 0x00000000e6600000, 0x00000000e6700000|  0%| F|  |TAMS 0x00000000e6600000, 0x00000000e6600000| Untracked 
| 103|0x00000000e6700000, 0x00000000e6700000, 0x00000000e6800000|  0%| F|  |TAMS 0x00000000e6700000, 0x00000000e6700000| Untracked 
| 104|0x00000000e6800000, 0x00000000e6800000, 0x00000000e6900000|  0%| F|  |TAMS 0x00000000e6800000, 0x00000000e6800000| Untracked 
| 105|0x00000000e6900000, 0x00000000e6900000, 0x00000000e6a00000|  0%| F|  |TAMS 0x00000000e6900000, 0x00000000e6900000| Untracked 
| 106|0x00000000e6a00000, 0x00000000e6ad4130, 0x00000000e6b00000| 82%| S|  |TAMS 0x00000000e6a00000, 0x00000000e6a00000| Complete 
| 107|0x00000000e6b00000, 0x00000000e6c00000, 0x00000000e6c00000|100%| E|CS|TAMS 0x00000000e6b00000, 0x00000000e6b00000| Complete 
| 108|0x00000000e6c00000, 0x00000000e6d00000, 0x00000000e6d00000|100%| E|CS|TAMS 0x00000000e6c00000, 0x00000000e6c00000| Complete 
| 109|0x00000000e6d00000, 0x00000000e6e00000, 0x00000000e6e00000|100%| E|CS|TAMS 0x00000000e6d00000, 0x00000000e6d00000| Complete 
| 110|0x00000000e6e00000, 0x00000000e6f00000, 0x00000000e6f00000|100%| E|CS|TAMS 0x00000000e6e00000, 0x00000000e6e00000| Complete 
| 111|0x00000000e6f00000, 0x00000000e7000000, 0x00000000e7000000|100%| E|CS|TAMS 0x00000000e6f00000, 0x00000000e6f00000| Complete 
| 112|0x00000000e7000000, 0x00000000e7100000, 0x00000000e7100000|100%| E|CS|TAMS 0x00000000e7000000, 0x00000000e7000000| Complete 
| 113|0x00000000e7100000, 0x00000000e7200000, 0x00000000e7200000|100%| E|CS|TAMS 0x00000000e7100000, 0x00000000e7100000| Complete 
| 114|0x00000000e7200000, 0x00000000e7300000, 0x00000000e7300000|100%| E|CS|TAMS 0x00000000e7200000, 0x00000000e7200000| Complete 
| 115|0x00000000e7300000, 0x00000000e7400000, 0x00000000e7400000|100%| E|CS|TAMS 0x00000000e7300000, 0x00000000e7300000| Complete 
| 116|0x00000000e7400000, 0x00000000e7500000, 0x00000000e7500000|100%| E|CS|TAMS 0x00000000e7400000, 0x00000000e7400000| Complete 
| 117|0x00000000e7500000, 0x00000000e7600000, 0x00000000e7600000|100%| S|  |TAMS 0x00000000e7500000, 0x00000000e7500000| Complete 
| 118|0x00000000e7600000, 0x00000000e7700000, 0x00000000e7700000|100%| S|  |TAMS 0x00000000e7600000, 0x00000000e7600000| Complete 
| 119|0x00000000e7700000, 0x00000000e7800000, 0x00000000e7800000|100%| S|  |TAMS 0x00000000e7700000, 0x00000000e7700000| Complete 
| 120|0x00000000e7800000, 0x00000000e7900000, 0x00000000e7900000|100%| S|  |TAMS 0x00000000e7800000, 0x00000000e7800000| Complete 
| 121|0x00000000e7900000, 0x00000000e7a00000, 0x00000000e7a00000|100%| S|  |TAMS 0x00000000e7900000, 0x00000000e7900000| Complete 
| 122|0x00000000e7a00000, 0x00000000e7b00000, 0x00000000e7b00000|100%| E|CS|TAMS 0x00000000e7a00000, 0x00000000e7a00000| Complete 
| 123|0x00000000e7b00000, 0x00000000e7c00000, 0x00000000e7c00000|100%| E|CS|TAMS 0x00000000e7b00000, 0x00000000e7b00000| Complete 
| 124|0x00000000e7c00000, 0x00000000e7d00000, 0x00000000e7d00000|100%| E|CS|TAMS 0x00000000e7c00000, 0x00000000e7c00000| Complete 
| 125|0x00000000e7d00000, 0x00000000e7e00000, 0x00000000e7e00000|100%| E|CS|TAMS 0x00000000e7d00000, 0x00000000e7d00000| Complete 
| 126|0x00000000e7e00000, 0x00000000e7f00000, 0x00000000e7f00000|100%| E|CS|TAMS 0x00000000e7e00000, 0x00000000e7e00000| Complete 
| 127|0x00000000e7f00000, 0x00000000e8000000, 0x00000000e8000000|100%| E|CS|TAMS 0x00000000e7f00000, 0x00000000e7f00000| Complete 
| 128|0x00000000e8000000, 0x00000000e8100000, 0x00000000e8100000|100%| E|CS|TAMS 0x00000000e8000000, 0x00000000e8000000| Complete 
| 129|0x00000000e8100000, 0x00000000e8200000, 0x00000000e8200000|100%| E|CS|TAMS 0x00000000e8100000, 0x00000000e8100000| Complete 
| 130|0x00000000e8200000, 0x00000000e8300000, 0x00000000e8300000|100%| E|CS|TAMS 0x00000000e8200000, 0x00000000e8200000| Complete 
| 131|0x00000000e8300000, 0x00000000e8400000, 0x00000000e8400000|100%| E|CS|TAMS 0x00000000e8300000, 0x00000000e8300000| Complete 
| 132|0x00000000e8400000, 0x00000000e8500000, 0x00000000e8500000|100%| E|CS|TAMS 0x00000000e8400000, 0x00000000e8400000| Complete 
| 133|0x00000000e8500000, 0x00000000e8600000, 0x00000000e8600000|100%| E|CS|TAMS 0x00000000e8500000, 0x00000000e8500000| Complete 
| 134|0x00000000e8600000, 0x00000000e8700000, 0x00000000e8700000|100%| E|CS|TAMS 0x00000000e8600000, 0x00000000e8600000| Complete 
| 135|0x00000000e8700000, 0x00000000e8800000, 0x00000000e8800000|100%| E|CS|TAMS 0x00000000e8700000, 0x00000000e8700000| Complete 
| 136|0x00000000e8800000, 0x00000000e8900000, 0x00000000e8900000|100%| E|CS|TAMS 0x00000000e8800000, 0x00000000e8800000| Complete 
| 137|0x00000000e8900000, 0x00000000e8a00000, 0x00000000e8a00000|100%| E|CS|TAMS 0x00000000e8900000, 0x00000000e8900000| Complete 
| 138|0x00000000e8a00000, 0x00000000e8b00000, 0x00000000e8b00000|100%| E|CS|TAMS 0x00000000e8a00000, 0x00000000e8a00000| Complete 
| 139|0x00000000e8b00000, 0x00000000e8c00000, 0x00000000e8c00000|100%| E|CS|TAMS 0x00000000e8b00000, 0x00000000e8b00000| Complete 
| 140|0x00000000e8c00000, 0x00000000e8d00000, 0x00000000e8d00000|100%| E|CS|TAMS 0x00000000e8c00000, 0x00000000e8c00000| Complete 
| 141|0x00000000e8d00000, 0x00000000e8e00000, 0x00000000e8e00000|100%| E|CS|TAMS 0x00000000e8d00000, 0x00000000e8d00000| Complete 
| 142|0x00000000e8e00000, 0x00000000e8f00000, 0x00000000e8f00000|100%| E|CS|TAMS 0x00000000e8e00000, 0x00000000e8e00000| Complete 
| 143|0x00000000e8f00000, 0x00000000e9000000, 0x00000000e9000000|100%| E|CS|TAMS 0x00000000e8f00000, 0x00000000e8f00000| Complete 
| 144|0x00000000e9000000, 0x00000000e9100000, 0x00000000e9100000|100%| E|CS|TAMS 0x00000000e9000000, 0x00000000e9000000| Complete 
| 145|0x00000000e9100000, 0x00000000e9200000, 0x00000000e9200000|100%| E|CS|TAMS 0x00000000e9100000, 0x00000000e9100000| Complete 
| 146|0x00000000e9200000, 0x00000000e9300000, 0x00000000e9300000|100%| E|CS|TAMS 0x00000000e9200000, 0x00000000e9200000| Complete 
| 147|0x00000000e9300000, 0x00000000e9400000, 0x00000000e9400000|100%| E|CS|TAMS 0x00000000e9300000, 0x00000000e9300000| Complete 
| 148|0x00000000e9400000, 0x00000000e9500000, 0x00000000e9500000|100%| E|CS|TAMS 0x00000000e9400000, 0x00000000e9400000| Complete 
| 149|0x00000000e9500000, 0x00000000e9600000, 0x00000000e9600000|100%| E|CS|TAMS 0x00000000e9500000, 0x00000000e9500000| Complete 
| 150|0x00000000e9600000, 0x00000000e9700000, 0x00000000e9700000|100%| E|CS|TAMS 0x00000000e9600000, 0x00000000e9600000| Complete 
| 151|0x00000000e9700000, 0x00000000e9800000, 0x00000000e9800000|100%| E|CS|TAMS 0x00000000e9700000, 0x00000000e9700000| Complete 
| 152|0x00000000e9800000, 0x00000000e9900000, 0x00000000e9900000|100%| E|CS|TAMS 0x00000000e9800000, 0x00000000e9800000| Complete 
| 153|0x00000000e9900000, 0x00000000e9a00000, 0x00000000e9a00000|100%| E|CS|TAMS 0x00000000e9900000, 0x00000000e9900000| Complete 
| 154|0x00000000e9a00000, 0x00000000e9b00000, 0x00000000e9b00000|100%| E|CS|TAMS 0x00000000e9a00000, 0x00000000e9a00000| Complete 
| 155|0x00000000e9b00000, 0x00000000e9c00000, 0x00000000e9c00000|100%| E|CS|TAMS 0x00000000e9b00000, 0x00000000e9b00000| Complete 
| 156|0x00000000e9c00000, 0x00000000e9d00000, 0x00000000e9d00000|100%| E|CS|TAMS 0x00000000e9c00000, 0x00000000e9c00000| Complete 
| 157|0x00000000e9d00000, 0x00000000e9e00000, 0x00000000e9e00000|100%| E|CS|TAMS 0x00000000e9d00000, 0x00000000e9d00000| Complete 
| 158|0x00000000e9e00000, 0x00000000e9f00000, 0x00000000e9f00000|100%| E|CS|TAMS 0x00000000e9e00000, 0x00000000e9e00000| Complete 
| 159|0x00000000e9f00000, 0x00000000ea000000, 0x00000000ea000000|100%| E|CS|TAMS 0x00000000e9f00000, 0x00000000e9f00000| Complete 
| 160|0x00000000ea000000, 0x00000000ea100000, 0x00000000ea100000|100%| E|CS|TAMS 0x00000000ea000000, 0x00000000ea000000| Complete 
| 161|0x00000000ea100000, 0x00000000ea200000, 0x00000000ea200000|100%| E|CS|TAMS 0x00000000ea100000, 0x00000000ea100000| Complete 
| 162|0x00000000ea200000, 0x00000000ea300000, 0x00000000ea300000|100%| E|CS|TAMS 0x00000000ea200000, 0x00000000ea200000| Complete 
| 163|0x00000000ea300000, 0x00000000ea400000, 0x00000000ea400000|100%| E|CS|TAMS 0x00000000ea300000, 0x00000000ea300000| Complete 
| 164|0x00000000ea400000, 0x00000000ea500000, 0x00000000ea500000|100%| E|CS|TAMS 0x00000000ea400000, 0x00000000ea400000| Complete 
| 165|0x00000000ea500000, 0x00000000ea600000, 0x00000000ea600000|100%| E|CS|TAMS 0x00000000ea500000, 0x00000000ea500000| Complete 
| 166|0x00000000ea600000, 0x00000000ea700000, 0x00000000ea700000|100%| E|CS|TAMS 0x00000000ea600000, 0x00000000ea600000| Complete 
| 167|0x00000000ea700000, 0x00000000ea800000, 0x00000000ea800000|100%| E|CS|TAMS 0x00000000ea700000, 0x00000000ea700000| Complete 
| 168|0x00000000ea800000, 0x00000000ea900000, 0x00000000ea900000|100%| E|CS|TAMS 0x00000000ea800000, 0x00000000ea800000| Complete 
| 169|0x00000000ea900000, 0x00000000eaa00000, 0x00000000eaa00000|100%| E|CS|TAMS 0x00000000ea900000, 0x00000000ea900000| Complete 
| 170|0x00000000eaa00000, 0x00000000eab00000, 0x00000000eab00000|100%| E|CS|TAMS 0x00000000eaa00000, 0x00000000eaa00000| Complete 
| 171|0x00000000eab00000, 0x00000000eac00000, 0x00000000eac00000|100%| E|CS|TAMS 0x00000000eab00000, 0x00000000eab00000| Complete 
| 172|0x00000000eac00000, 0x00000000ead00000, 0x00000000ead00000|100%| E|CS|TAMS 0x00000000eac00000, 0x00000000eac00000| Complete 
| 173|0x00000000ead00000, 0x00000000eae00000, 0x00000000eae00000|100%| E|CS|TAMS 0x00000000ead00000, 0x00000000ead00000| Complete 
| 174|0x00000000eae00000, 0x00000000eaf00000, 0x00000000eaf00000|100%| E|CS|TAMS 0x00000000eae00000, 0x00000000eae00000| Complete 
| 175|0x00000000eaf00000, 0x00000000eb000000, 0x00000000eb000000|100%| E|CS|TAMS 0x00000000eaf00000, 0x00000000eaf00000| Complete 
| 176|0x00000000eb000000, 0x00000000eb100000, 0x00000000eb100000|100%| E|CS|TAMS 0x00000000eb000000, 0x00000000eb000000| Complete 
| 177|0x00000000eb100000, 0x00000000eb200000, 0x00000000eb200000|100%| E|CS|TAMS 0x00000000eb100000, 0x00000000eb100000| Complete 
| 178|0x00000000eb200000, 0x00000000eb300000, 0x00000000eb300000|100%| E|CS|TAMS 0x00000000eb200000, 0x00000000eb200000| Complete 
| 179|0x00000000eb300000, 0x00000000eb400000, 0x00000000eb400000|100%| E|CS|TAMS 0x00000000eb300000, 0x00000000eb300000| Complete 
| 180|0x00000000eb400000, 0x00000000eb500000, 0x00000000eb500000|100%| E|CS|TAMS 0x00000000eb400000, 0x00000000eb400000| Complete 
| 181|0x00000000eb500000, 0x00000000eb600000, 0x00000000eb600000|100%| E|CS|TAMS 0x00000000eb500000, 0x00000000eb500000| Complete 
| 182|0x00000000eb600000, 0x00000000eb700000, 0x00000000eb700000|100%| E|CS|TAMS 0x00000000eb600000, 0x00000000eb600000| Complete 
| 183|0x00000000eb700000, 0x00000000eb800000, 0x00000000eb800000|100%| E|CS|TAMS 0x00000000eb700000, 0x00000000eb700000| Complete 
| 184|0x00000000eb800000, 0x00000000eb900000, 0x00000000eb900000|100%| E|CS|TAMS 0x00000000eb800000, 0x00000000eb800000| Complete 
| 185|0x00000000eb900000, 0x00000000eba00000, 0x00000000eba00000|100%| E|CS|TAMS 0x00000000eb900000, 0x00000000eb900000| Complete 
| 186|0x00000000eba00000, 0x00000000ebb00000, 0x00000000ebb00000|100%| E|CS|TAMS 0x00000000eba00000, 0x00000000eba00000| Complete 
| 187|0x00000000ebb00000, 0x00000000ebc00000, 0x00000000ebc00000|100%| E|CS|TAMS 0x00000000ebb00000, 0x00000000ebb00000| Complete 
| 188|0x00000000ebc00000, 0x00000000ebd00000, 0x00000000ebd00000|100%| E|CS|TAMS 0x00000000ebc00000, 0x00000000ebc00000| Complete 
| 189|0x00000000ebd00000, 0x00000000ebe00000, 0x00000000ebe00000|100%| E|CS|TAMS 0x00000000ebd00000, 0x00000000ebd00000| Complete 
| 190|0x00000000ebe00000, 0x00000000ebf00000, 0x00000000ebf00000|100%| E|CS|TAMS 0x00000000ebe00000, 0x00000000ebe00000| Complete 
| 191|0x00000000ebf00000, 0x00000000ec000000, 0x00000000ec000000|100%| E|CS|TAMS 0x00000000ebf00000, 0x00000000ebf00000| Complete 

Card table byte_map: [0x000001953ba90000,0x000001953bb90000] _byte_map_base: 0x000001953b390000

Marking Bits (Prev, Next): (CMBitMap*) 0x000001952468fc00, (CMBitMap*) 0x000001952468fbc8
 Prev Bits: [0x000001953c490000, 0x000001953cc90000)
 Next Bits: [0x000001953bc90000, 0x000001953c490000)

Polling page: 0x0000019522530000

Metaspace:

Usage:
  Non-class:     38.98 MB capacity,    38.16 MB ( 98%) used,   683.88 KB (  2%) free+waste,   152.56 KB ( <1%) overhead. 
      Class:      5.48 MB capacity,     5.00 MB ( 91%) used,   416.05 KB (  7%) free+waste,    73.69 KB (  1%) overhead. 
       Both:     44.46 MB capacity,    43.16 MB ( 97%) used,     1.07 MB (  2%) free+waste,   226.25 KB ( <1%) overhead. 

Virtual space:
  Non-class space:       40.00 MB reserved,      39.00 MB ( 98%) committed 
      Class space:        1.00 GB reserved,       5.57 MB ( <1%) committed 
             Both:        1.04 GB reserved,      44.57 MB (  4%) committed 

Chunk freelists:
   Non-Class:  2.38 KB
       Class:  3.00 KB
        Both:  5.38 KB

CodeHeap 'non-profiled nmethods': size=120064Kb used=3036Kb max_used=3036Kb free=117027Kb
 bounds [0x0000019534550000, 0x0000019534850000, 0x000001953ba90000]
CodeHeap 'profiled nmethods': size=120000Kb used=8658Kb max_used=8658Kb free=111341Kb
 bounds [0x000001952d020000, 0x000001952d8a0000, 0x0000019534550000]
CodeHeap 'non-nmethods': size=5696Kb used=1207Kb max_used=1272Kb free=4488Kb
 bounds [0x000001952ca90000, 0x000001952cd00000, 0x000001952d020000]
 total_blobs=4529 nmethods=3958 adapters=482
 compilation: enabled
              stopped_count=0, restarted_count=0
 full_count=0

Compilation events (10 events):
Event: 21.691 Thread 0x000001953fb38800 4076 %     3       org.aspectj.weaver.bcel.BcelWeaver::weave @ 679 (1242 bytes)
Event: 21.735 Thread 0x000001953fb38800 nmethod 4076% 0x000001952d870090 code [0x000001952d872000, 0x000001952d88b288]
Event: 21.735 Thread 0x000001953fb38800 4078       3       org.aspectj.apache.bcel.generic.FieldGenOrMethodGen::addAttribute (12 bytes)
Event: 21.735 Thread 0x000001953fb38800 nmethod 4078 0x000001952d893b90 code [0x000001952d893d40, 0x000001952d893f08]
Event: 21.740 Thread 0x00000195424cf800 nmethod 4002 0x000001953483d810 code [0x000001953483df80, 0x00000195348431c8]
Event: 21.742 Thread 0x00000195424cf800 4066       4       java.util.Arrays::hashCode (44 bytes)
Event: 21.747 Thread 0x000001953fb38800 4079       3       java.lang.Package::<init> (47 bytes)
Event: 21.748 Thread 0x000001953fb38800 nmethod 4079 0x000001952d894010 code [0x000001952d894200, 0x000001952d894648]
Event: 21.748 Thread 0x00000195424cf800 nmethod 4066 0x0000019534846c10 code [0x0000019534846da0, 0x0000019534846f98]
Event: 21.748 Thread 0x00000195424cf800 4070   !   4       java.lang.ref.ReferenceQueue::poll (28 bytes)

GC Heap History (10 events):
Event: 6.634 GC heap after
{Heap after GC invocations=9 (full 0):
 garbage-first heap   total 196608K, used 30157K [0x00000000e0000000, 0x0000000100000000)
  region size 1024K, 11 young (11264K), 11 survivors (11264K)
 Metaspace       used 28647K, capacity 29430K, committed 29568K, reserved 1075200K
  class space    used 3135K, capacity 3448K, committed 3456K, reserved 1048576K
}
Event: 7.951 GC heap before
{Heap before GC invocations=9 (full 0):
 garbage-first heap   total 196608K, used 120269K [0x00000000e0000000, 0x0000000100000000)
  region size 1024K, 99 young (101376K), 11 survivors (11264K)
 Metaspace       used 34317K, capacity 35231K, committed 35456K, reserved 1081344K
  class space    used 3806K, capacity 4163K, committed 4224K, reserved 1048576K
}
Event: 7.977 GC heap after
{Heap after GC invocations=10 (full 0):
 garbage-first heap   total 196608K, used 37888K [0x00000000e0000000, 0x0000000100000000)
  region size 1024K, 13 young (13312K), 13 survivors (13312K)
 Metaspace       used 34317K, capacity 35231K, committed 35456K, reserved 1081344K
  class space    used 3806K, capacity 4163K, committed 4224K, reserved 1048576K
}
Event: 8.581 GC heap before
{Heap before GC invocations=10 (full 0):
 garbage-first heap   total 196608K, used 41984K [0x00000000e0000000, 0x0000000100000000)
  region size 1024K, 18 young (18432K), 13 survivors (13312K)
 Metaspace       used 34892K, capacity 35818K, committed 35840K, reserved 1081344K
  class space    used 3865K, capacity 4212K, committed 4224K, reserved 1048576K
}
Event: 8.614 GC heap after
{Heap after GC invocations=11 (full 0):
 garbage-first heap   total 196608K, used 39936K [0x00000000e0000000, 0x0000000100000000)
  region size 1024K, 2 young (2048K), 2 survivors (2048K)
 Metaspace       used 34892K, capacity 35818K, committed 35840K, reserved 1081344K
  class space    used 3865K, capacity 4212K, committed 4224K, reserved 1048576K
}
Event: 10.596 GC heap before
{Heap before GC invocations=12 (full 0):
 garbage-first heap   total 196608K, used 106496K [0x00000000e0000000, 0x0000000100000000)
  region size 1024K, 67 young (68608K), 2 survivors (2048K)
 Metaspace       used 37643K, capacity 38834K, committed 39116K, reserved 1083392K
  class space    used 4280K, capacity 4716K, committed 4812K, reserved 1048576K
}
Event: 10.606 GC heap after
{Heap after GC invocations=13 (full 0):
 garbage-first heap   total 196608K, used 43008K [0x00000000e0000000, 0x0000000100000000)
  region size 1024K, 5 young (5120K), 5 survivors (5120K)
 Metaspace       used 37643K, capacity 38834K, committed 39116K, reserved 1083392K
  class space    used 4280K, capacity 4716K, committed 4812K, reserved 1048576K
}
Event: 20.397 GC heap before
{Heap before GC invocations=14 (full 0):
 garbage-first heap   total 196608K, used 119808K [0x00000000e0000000, 0x0000000100000000)
  region size 1024K, 75 young (76800K), 5 survivors (5120K)
 Metaspace       used 40996K, capacity 42314K, committed 42444K, reserved 1087488K
  class space    used 4734K, capacity 5238K, committed 5324K, reserved 1048576K
}
Event: 20.414 GC heap after
{Heap after GC invocations=15 (full 0):
 garbage-first heap   total 196608K, used 53383K [0x00000000e0000000, 0x0000000100000000)
  region size 1024K, 10 young (10240K), 10 survivors (10240K)
 Metaspace       used 40996K, capacity 42314K, committed 42444K, reserved 1087488K
  class space    used 4734K, capacity 5238K, committed 5324K, reserved 1048576K
}
Event: 21.756 GC heap before
{Heap before GC invocations=15 (full 0):
 garbage-first heap   total 196608K, used 125063K [0x00000000e0000000, 0x0000000100000000)
  region size 1024K, 80 young (81920K), 10 survivors (10240K)
 Metaspace       used 44198K, capacity 45525K, committed 45644K, reserved 1089536K
  class space    used 5118K, capacity 5608K, committed 5708K, reserved 1048576K
}

Deoptimization events (10 events):
Event: 13.102 Thread 0x000001952466c800 Uncommon trap: reason=bimorphic_or_optimized_type_check action=maybe_recompile pc=0x000001953470728c method=java.io.BufferedInputStream.read1([BII)I @ 39 c2
Event: 13.102 Thread 0x000001952466c800 Uncommon trap: reason=bimorphic_or_optimized_type_check action=maybe_recompile pc=0x000001953470728c method=java.io.BufferedInputStream.read1([BII)I @ 39 c2
Event: 13.381 Thread 0x0000019545c51000 Uncommon trap: reason=class_check action=maybe_recompile pc=0x00000195345fd8ec method=java.nio.DirectByteBuffer.<init>(Lsun/nio/ch/DirectBuffer;IIIII)V @ 12 c2
Event: 13.689 Thread 0x0000019545c4d800 Uncommon trap: reason=unstable_if action=reinterpret pc=0x00000195345a4454 method=java.io.ByteArrayInputStream.read()I @ 8 c2
Event: 19.722 Thread 0x0000019542f28000 Uncommon trap: reason=unstable_if action=reinterpret pc=0x0000019534707060 method=java.io.BufferedInputStream.read1([BII)I @ 60 c2
Event: 20.426 Thread 0x000001952466c800 Uncommon trap: reason=predicate action=maybe_recompile pc=0x00000195347a2a88 method=java.util.ArrayList.batchRemove(Ljava/util/Collection;ZII)Z @ 58 c2
Event: 20.516 Thread 0x000001952466c800 Uncommon trap: reason=unstable_if action=reinterpret pc=0x00000195345d5bcc method=java.util.concurrent.ConcurrentHashMap.get(Ljava/lang/Object;)Ljava/lang/Object; @ 152 c2
Event: 20.779 Thread 0x000001952466c800 Uncommon trap: reason=unstable_if action=reinterpret pc=0x00000195347ab660 method=org.aspectj.util.GenericSignatureParser.tokenize(Ljava/lang/String;)[Ljava/lang/String; @ 37 c2
Event: 21.625 Thread 0x000001952466c800 Uncommon trap: reason=class_check action=maybe_recompile pc=0x0000019534834904 method=java.util.Collections$UnmodifiableMap.size()I @ 4 c2
Event: 21.634 Thread 0x000001952466c800 Uncommon trap: reason=unloaded action=reinterpret pc=0x0000019534733ba0 method=org.aspectj.apache.bcel.classfile.Attribute.readAttribute(Ljava/io/DataInputStream;Lorg/aspectj/apache/bcel/classfile/ConstantPool;)Lorg/aspectj/apache/bcel/classfile/Attribute

Classes redefined (0 events):
No events

Internal exceptions (10 events):
Event: 20.555 Thread 0x000001952466c800 Exception <a 'java/lang/IncompatibleClassChangeError'{0x00000000eb5f9d18}: Found class java.lang.Object, but interface was expected> (0x00000000eb5f9d18) thrown at [./open/src/hotspot/share/interpreter/linkResolver.cpp, line 838]
Event: 20.555 Thread 0x000001952466c800 Exception <a 'java/lang/IncompatibleClassChangeError'{0x00000000eb5fd058}: Found class java.lang.Object, but interface was expected> (0x00000000eb5fd058) thrown at [./open/src/hotspot/share/interpreter/linkResolver.cpp, line 838]
Event: 20.555 Thread 0x000001952466c800 Exception <a 'sun/nio/fs/WindowsException'{0x00000000eb4002f0}> (0x00000000eb4002f0) thrown at [./open/src/hotspot/share/prims/jni.cpp, line 611]
Event: 20.568 Thread 0x000001952466c800 Exception <a 'java/lang/IncompatibleClassChangeError'{0x00000000eb46f270}: Found class java.lang.Object, but interface was expected> (0x00000000eb46f270) thrown at [./open/src/hotspot/share/interpreter/linkResolver.cpp, line 838]
Event: 20.577 Thread 0x000001952466c800 Exception <a 'sun/nio/fs/WindowsException'{0x00000000eb4a8588}> (0x00000000eb4a8588) thrown at [./open/src/hotspot/share/prims/jni.cpp, line 611]
Event: 20.603 Thread 0x000001953fce8000 Exception <a 'java/lang/NoSuchMethodError'{0x00000000eb35cd48}: static Lorg/openqa/selenium/WebDriverException;.<clinit>()V> (0x00000000eb35cd48) thrown at [./open/src/hotspot/share/prims/jni.cpp, line 1362]
Event: 20.606 Thread 0x000001953fce8000 Exception <a 'java/lang/NoSuchMethodError'{0x00000000eb36acb0}: static [Ljava/lang/StackTraceElement;.<clinit>()V> (0x00000000eb36acb0) thrown at [./open/src/hotspot/share/prims/jni.cpp, line 1362]
Event: 20.636 Thread 0x000001953fce8000 Exception <a 'java/lang/NoSuchMethodError'{0x00000000eb212ad0}: static [Ljava/util/concurrent/ConcurrentHashMap$Segment;.<clinit>()V> (0x00000000eb212ad0) thrown at [./open/src/hotspot/share/prims/jni.cpp, line 1362]
Event: 20.645 Thread 0x000001953fce8000 Exception <a 'java/lang/NoSuchMethodError'{0x00000000eb230198}: static [B.<clinit>()V> (0x00000000eb230198) thrown at [./open/src/hotspot/share/prims/jni.cpp, line 1362]
Event: 21.671 Thread 0x000001952466c800 Exception <a 'java/lang/NoClassDefFoundError'{0x00000000e7fb6238}: org/apache/log4j/Priority> (0x00000000e7fb6238) thrown at [./open/src/hotspot/share/classfile/systemDictionary.cpp, line 217]

Events (10 events):
Event: 21.748 loading class org/apache/http/impl/conn/DefaultSchemePortResolver done
Event: 21.749 loading class org/apache/http/impl/conn/SystemDefaultDnsResolver
Event: 21.749 loading class org/apache/http/impl/conn/SystemDefaultDnsResolver done
Event: 21.750 loading class org/apache/http/impl/conn/PoolingHttpClientConnectionManager$ConfigData
Event: 21.750 loading class org/apache/http/impl/conn/PoolingHttpClientConnectionManager$ConfigData done
Event: 21.752 loading class org/apache/http/impl/conn/CPool
Event: 21.752 loading class org/apache/http/impl/conn/CPool done
Event: 21.756 loading class org/apache/http/pool/AbstractConnPool
Event: 21.756 loading class org/apache/http/pool/AbstractConnPool done
Event: 21.756 Executing VM operation: G1CollectForAllocation


Dynamic libraries:
0x00007ff67a810000 - 0x00007ff67a81f000 	C:\Program Files\Java\jdk-11.0.11\bin\java.exe
0x00007ffa10110000 - 0x00007ffa10308000 	C:\Windows\SYSTEM32\ntdll.dll
0x00007ffa0e590000 - 0x00007ffa0e64d000 	C:\Windows\System32\KERNEL32.DLL
0x00007ffa0dc20000 - 0x00007ffa0def2000 	C:\Windows\System32\KERNELBASE.dll
0x00007ffa0d9f0000 - 0x00007ffa0daf0000 	C:\Windows\System32\ucrtbase.dll
0x00007ff9f3e40000 - 0x00007ff9f3e58000 	C:\Program Files\Java\jdk-11.0.11\bin\jli.dll
0x00007ffa0e650000 - 0x00007ffa0e6fe000 	C:\Windows\System32\ADVAPI32.dll
0x00007ffa10000000 - 0x00007ffa1009e000 	C:\Windows\System32\msvcrt.dll
0x00007ffa0e7c0000 - 0x00007ffa0e85c000 	C:\Windows\System32\sechost.dll
0x00007ffa0fe20000 - 0x00007ffa0ff45000 	C:\Windows\System32\RPCRT4.dll
0x00007ffa0e860000 - 0x00007ffa0e9fd000 	C:\Windows\System32\USER32.dll
0x00007ffa0db40000 - 0x00007ffa0db62000 	C:\Windows\System32\win32u.dll
0x00007ffa100a0000 - 0x00007ffa100cb000 	C:\Windows\System32\GDI32.dll
0x00007ffa0e060000 - 0x00007ffa0e16f000 	C:\Windows\System32\gdi32full.dll
0x00007ffa0df00000 - 0x00007ffa0df9d000 	C:\Windows\System32\msvcp_win.dll
0x00007ff9f0350000 - 0x00007ff9f0365000 	C:\Program Files\Java\jdk-11.0.11\bin\VCRUNTIME140.dll
0x00007ff9fbd30000 - 0x00007ff9fbfca000 	C:\Windows\WinSxS\amd64_microsoft.windows.common-controls_6595b64144ccf1df_6.0.19041.1110_none_60b5254171f9507e\COMCTL32.dll
0x00007ffa04190000 - 0x00007ffa0419a000 	C:\Windows\SYSTEM32\VERSION.dll
0x00007ffa0ea10000 - 0x00007ffa0ea40000 	C:\Windows\System32\IMM32.DLL
0x00007ff9f4040000 - 0x00007ff9f4158000 	C:\Program Files (x86)\Citrix\ICA Client\epclient64.dll
0x00007ffa0c970000 - 0x00007ffa0c9a3000 	C:\Windows\SYSTEM32\ntmarta.dll
0x00007ff9d3700000 - 0x00007ff9d379b000 	C:\Program Files\Java\jdk-11.0.11\bin\msvcp140.dll
0x00007ff98d5e0000 - 0x00007ff98e0de000 	C:\Program Files\Java\jdk-11.0.11\bin\server\jvm.dll
0x00007ffa0f190000 - 0x00007ffa0f198000 	C:\Windows\System32\PSAPI.DLL
0x00007ff9f0170000 - 0x00007ff9f0179000 	C:\Windows\SYSTEM32\WSOCK32.dll
0x00007ffa0f1a0000 - 0x00007ffa0f20b000 	C:\Windows\System32\WS2_32.dll
0x00007ff9f4460000 - 0x00007ff9f4487000 	C:\Windows\SYSTEM32\WINMM.dll
0x00007ffa0c080000 - 0x00007ffa0c092000 	C:\Windows\SYSTEM32\kernel.appcore.dll
0x00007ff9f3e30000 - 0x00007ff9f3e40000 	C:\Program Files\Java\jdk-11.0.11\bin\verify.dll
0x00007ffa0b3e0000 - 0x00007ffa0b5c4000 	C:\Windows\SYSTEM32\DBGHELP.DLL
0x00007ffa05750000 - 0x00007ffa0577c000 	C:\Windows\SYSTEM32\dbgcore.DLL
0x0000019523d30000 - 0x0000019523db2000 	C:\Windows\System32\bcryptPrimitives.dll
0x00007ff9e1f70000 - 0x00007ff9e1f98000 	C:\Program Files\Java\jdk-11.0.11\bin\java.dll
0x00007ff9f3b40000 - 0x00007ff9f3b4a000 	C:\Program Files\Java\jdk-11.0.11\bin\jimage.dll
0x00007ff9dec60000 - 0x00007ff9dec6e000 	C:\Program Files\Java\jdk-11.0.11\bin\instrument.dll
0x00007ff9ef4e0000 - 0x00007ff9ef4f6000 	C:\Program Files\Java\jdk-11.0.11\bin\zip.dll
0x000001953fee0000 - 0x0000019540623000 	C:\Windows\System32\SHELL32.dll
0x00007ffa0b880000 - 0x00007ffa0c011000 	C:\Windows\SYSTEM32\windows.storage.dll
0x00007ffa0f330000 - 0x00007ffa0f684000 	C:\Windows\System32\combase.dll
0x00007ffa0d1a0000 - 0x00007ffa0d1d0000 	C:\Windows\SYSTEM32\Wldp.dll
0x00007ffa0ff50000 - 0x00007ffa0fffd000 	C:\Windows\System32\SHCORE.dll
0x00007ffa0f2d0000 - 0x00007ffa0f325000 	C:\Windows\System32\shlwapi.dll
0x00007ffa0d760000 - 0x00007ffa0d77f000 	C:\Windows\SYSTEM32\profapi.dll
0x00007ff9eecf0000 - 0x00007ff9eed09000 	C:\Program Files\Java\jdk-11.0.11\bin\net.dll
0x00007ffa06f50000 - 0x00007ffa0705d000 	C:\Windows\SYSTEM32\WINHTTP.dll
0x00007ffa0cf80000 - 0x00007ffa0cfea000 	C:\Windows\system32\mswsock.dll
0x00007ff9ed8a0000 - 0x00007ff9ed8b2000 	C:\Program Files\Java\jdk-11.0.11\bin\nio.dll
0x00007ffa0d4d0000 - 0x00007ffa0d4e8000 	C:\Windows\SYSTEM32\CRYPTSP.dll
0x00007ffa0c850000 - 0x00007ffa0c884000 	C:\Windows\system32\rsaenh.dll
0x00007ffa0e030000 - 0x00007ffa0e057000 	C:\Windows\System32\bcrypt.dll
0x00007ffa0d720000 - 0x00007ffa0d74e000 	C:\Windows\SYSTEM32\USERENV.dll
0x00007ffa0d110000 - 0x00007ffa0d11c000 	C:\Windows\SYSTEM32\CRYPTBASE.dll
0x00007ffa0cc40000 - 0x00007ffa0cc7b000 	C:\Windows\SYSTEM32\IPHLPAPI.DLL
0x00007ffa0ea00000 - 0x00007ffa0ea08000 	C:\Windows\System32\NSI.dll
0x00007ffa065d0000 - 0x00007ffa065e7000 	C:\Windows\SYSTEM32\dhcpcsvc6.DLL
0x00007ffa065f0000 - 0x00007ffa0660d000 	C:\Windows\SYSTEM32\dhcpcsvc.DLL
0x00007ffa0ccd0000 - 0x00007ffa0cd9a000 	C:\Windows\SYSTEM32\DNSAPI.dll
0x00007ffa075f0000 - 0x00007ffa07607000 	C:\Windows\system32\napinsp.dll
0x00007ffa03ae0000 - 0x00007ffa03afb000 	C:\Windows\system32\pnrpnsp.dll
0x00007ffa09230000 - 0x00007ffa09245000 	C:\Windows\system32\wshbth.dll
0x00007ffa078f0000 - 0x00007ffa0790d000 	C:\Windows\system32\NLAapi.dll
0x00007ffa03250000 - 0x00007ffa03262000 	C:\Windows\System32\winrnr.dll
0x00007ffa05d10000 - 0x00007ffa05d1a000 	C:\Windows\System32\rasadhlp.dll
0x00007ffa06d50000 - 0x00007ffa06dd0000 	C:\Windows\System32\fwpuclnt.dll
0x00007ff9f0570000 - 0x00007ff9f0579000 	C:\Program Files\Java\jdk-11.0.11\bin\management.dll
0x00007ff9eddf0000 - 0x00007ff9eddfb000 	C:\Program Files\Java\jdk-11.0.11\bin\management_ext.dll
0x00007ff9d36a0000 - 0x00007ff9d36c5000 	C:\Program Files\Java\jdk-11.0.11\bin\sunec.dll

dbghelp: loaded successfully - version: 4.0.5 - missing functions: none
symbol engine: initialized successfully - sym options: 0x614 - pdb path: .;C:\Program Files\Java\jdk-11.0.11\bin;C:\Windows\SYSTEM32;C:\Windows\WinSxS\amd64_microsoft.windows.common-controls_6595b64144ccf1df_6.0.19041.1110_none_60b5254171f9507e;C:\Program Files (x86)\Citrix\ICA Client;C:\Program Files\Java\jdk-11.0.11\bin\server

VM Arguments:
jvm_args: -Dallure.results.directory=E:\Cursos\DiplomadoTesting-Bolivia\AUTOMATIZACION-II-MOBILE- REST-API-VULNERABILITY-v3\OwaspZap\Project-OWASP_ZAP\build\allure-results -Dorg.gradle.internal.worker.tmpdir=E:\Cursos\DiplomadoTesting-Bolivia\AUTOMATIZACION-II-MOBILE- REST-API-VULNERABILITY-v3\OwaspZap\Project-OWASP_ZAP\build\tmp\test\work -Dorg.gradle.native=false -javaagent:C:\Users\jddio\.gradle\caches\modules-2\files-2.1\org.aspectj\aspectjweaver\1.8.10\e198c5fee28988c355f74e06461614eae36b2032\aspectjweaver-1.8.10.jar -Xmx512m -Dfile.encoding=windows-1252 -Duser.country=PE -Duser.language=es -Duser.variant -ea 
java_command: worker.org.gradle.process.internal.worker.GradleWorkerMain 'Gradle Test Executor 4'
java_class_path (initial): C:\Users\jddio\.gradle\caches\7.5.1\workerMain\gradle-worker.jar;E:\Cursos\DiplomadoTesting-Bolivia\AUTOMATIZACION-II-MOBILE- REST-API-VULNERABILITY-v3\OwaspZap\Project-OWASP_ZAP\build\classes\java\test;E:\Cursos\DiplomadoTesting-Bolivia\AUTOMATIZACION-II-MOBILE- REST-API-VULNERABILITY-v3\OwaspZap\Project-OWASP_ZAP\build\resources\test;C:\Users\jddio\.gradle\caches\modules-2\files-2.1\org.seleniumhq.selenium\selenium-java\4.5.0\daf29450e6357c2d4ad816787a4c71f90139401d\selenium-java-4.5.0.jar;C:\Users\jddio\.gradle\caches\modules-2\files-2.1\org.json\json\20220924\5aa95e7688f76c664af205c5937620f02688dfbc\json-20220924.jar;C:\Users\jddio\.gradle\caches\modules-2\files-2.1\org.jboss.resteasy\resteasy-multipart-provider\3.8.0.Final\5d540abb9beffd39d4b681c757f0efb5bb1ee879\resteasy-multipart-provider-3.8.0.Final.jar;C:\Users\jddio\.gradle\caches\modules-2\files-2.1\org.jboss.resteasy\resteasy-client\3.8.0.Final\167716be3ce2b46613ebe169a6abfa82bd6c303b\resteasy-client-3.8.0.Final.jar;C:\Users\jddio\.gradle\caches\modules-2\files-2.1\org.jboss.resteasy\resteasy-jaxrs\3.8.0.Final\1667a291f8dace9d3968ec0ea911307c9259da52\resteasy-jaxrs-3.8.0.Final.jar;C:\Users\jddio\.gradle\caches\modules-2\files-2.1\org.jboss.resteasy\resteasy-jackson-provider\3.8.0.Final\153beba861965e4f881e663fc5ed88cddcf5e2f4\resteasy-jackson-provider-3.8.0.Final.jar;C:\Users\jddio\.gradle\caches\modules-2\files-2.1\org.aspectj\aspectjweaver\1.9.9.1\dcd2703279a94ad909fa3f3d08671cb0f2dabf7\aspectjweaver-1.9.9.1.jar;C:\Users\jddio\.gradle\caches\modules-2\files-2.1\io.qameta.allure\allure-junit5\2.19.0\81e6b72649a4a9642d20c1311e23bcd687f81329\allure-junit5-2.19.0.jar;C:\Users\jddio\.gradle\caches\modules-2\files-2.1\io.qameta.allure\allure-junit-platform\2.19.0\bf7e14e12b4750532b484c1dea029ab5afd7bc2e\allure-junit-platform-2.19.0.jar;C:\Users\jddio\.gradle\caches\modules-2\files-2.1\org.junit.platform\junit-platform-launcher\1.8.2\c334fcee82b81311ab5c426ec2d52d467c8d0b28\junit-
Launcher Type: SUN_STANDARD

[Global flags]
     intx CICompilerCount                          = 3                                         {product} {ergonomic}
     uint ConcGCThreads                            = 1                                         {product} {ergonomic}
     uint G1ConcRefinementThreads                  = 4                                         {product} {ergonomic}
   size_t G1HeapRegionSize                         = 1048576                                   {product} {ergonomic}
    uintx GCDrainStackTargetSize                   = 64                                        {product} {ergonomic}
   size_t InitialHeapSize                          = 201326592                                 {product} {ergonomic}
   size_t MarkStackSize                            = 4194304                                   {product} {ergonomic}
   size_t MaxHeapSize                              = 536870912                                 {product} {command line}
   size_t MaxNewSize                               = 321912832                                 {product} {ergonomic}
   size_t MinHeapDeltaBytes                        = 1048576                                   {product} {ergonomic}
    uintx NonNMethodCodeHeapSize                   = 5830732                                {pd product} {ergonomic}
    uintx NonProfiledCodeHeapSize                  = 122913754                              {pd product} {ergonomic}
    uintx ProfiledCodeHeapSize                     = 122913754                              {pd product} {ergonomic}
    uintx ReservedCodeCacheSize                    = 251658240                              {pd product} {ergonomic}
     bool SegmentedCodeCache                       = true                                      {product} {ergonomic}
     bool UseCompressedClassPointers               = true                                 {lp64_product} {ergonomic}
     bool UseCompressedOops                        = true                                 {lp64_product} {ergonomic}
     bool UseG1GC                                  = true                                      {product} {ergonomic}
     bool UseLargePagesIndividualAllocation        = false                                  {pd product} {ergonomic}

Logging:
Log output configuration:
 #0: stdout all=warning uptime,level,tags
 #1: stderr all=off uptime,level,tags

Environment Variables:
JAVA_HOME=C:\Program Files\Java\jdk-11.0.11
PATH=C:\Program Files\Git\mingw64\bin;C:\Program Files\Git\usr\bin;C:\Users\jddio\bin;C:\Program Files\Common Files\Oracle\Java\javapath;C:\Program Files (x86)\Common Files\Oracle\Java\javapath;C:\Windows\system32;C:\Windows;C:\Windows\System32\Wbem;C:\Windows\System32\WindowsPowerShell\v1.0;C:\Windows\System32\OpenSSH;C:\Program Files\Java\jdk1.8.0_281;C:\Program Files\Java\jdk1.8.0_281\bin;C:\Program Files\Java\jre1.8.0_281;C:\Program Files\Java\jre1.8.0_281\bin;C:\gradle-7.5.1\bin;C:\Program Files\dotnet;C:\Program Files\Microsoft SQL Server\130\Tools\Binn;C:\Program Files\Microsoft SQL Server\Client SDK\ODBC\170\Tools\Binn;C:\Program Files (x86)\Microsoft SQL Server\150\Tools\Binn;C:\Program Files\Microsoft SQL Server\150\Tools\Binn;C:\Program Files\Microsoft SQL Server\150\DTS\Binn;C:\Program Files (x86)\Microsoft SQL Server\150\DTS\Binn;C:\Program Files\Microsoft VS Code\bin;C:\Program Files\nodejs;C:\Program Files (x86)\dotnet;C:\Users\jddio\AppData\Local\Android\Sdk\tools;C:\Users\jddio\AppData\Local\Android\Sdk\platform-tools;C:\apache-maven-3.8.1\bin;C:\Program Files\Java\jdk-11.0.11\bin;C:\Program Files\Java\jdk-11.0.11;C:\Program Files\Git\cmd;C:\Program Files\MySQL\MySQL Shell 8.0\bin;C:\Users\jddio\scoop\shims;C:\Users\jddio\AppData\Local\Microsoft\WindowsApps;C:\Program Files\JetBrains\IntelliJ IDEA Community Edition 2020.3.3\bin;C:\Users\jddio\.dotnet\tools;C:\Program Files\Azure Data Studio\bin;C:\Users\jddio\AppData\Roaming\npm;C:\Users\jddio\.dotnet\tools
USERNAME=jddio
OS=Windows_NT
PROCESSOR_IDENTIFIER=Intel64 Family 6 Model 69 Stepping 1, GenuineIntel



---------------  S Y S T E M  ---------------

OS: Windows 10 , 64 bit Build 19041 (10.0.19041.1889)
Hyper-V role detected

CPU:total 4 (initial active 4) (2 cores per cpu, 2 threads per core) family 6 model 69 stepping 1 microcode 0x25, cmov, cx8, fxsr, mmx, sse, sse2, sse3, ssse3, sse4.1, sse4.2, popcnt, avx, avx2, aes, clmul, erms, lzcnt, ht, tsc, tscinvbit, bmi1, bmi2, fma

Memory: 4k page, system-wide physical 12184M (2918M free)
TotalPageFile size 17206M (AvailPageFile size 3053M)
current process WorkingSet (physical memory assigned to process): 317M, peak: 317M
current process commit charge ("private bytes"): 378M, peak: 388M

vm_info: Java HotSpot(TM) 64-Bit Server VM (11.0.11+9-LTS-194) for windows-amd64 JRE (11.0.11+9-LTS-194), built on Mar 18 2021 18:46:53 by "mach5one" with MS VC++ 15.9 (VS2017)

END.
